Copyright 1986-2019 Xilinx, Inc. All Rights Reserved.
--------------------------------------------------------------------------------------------------------------------------------------------------------------------------------------
| Tool Version : Vivado v.2019.1 (win64) Build 2552052 Fri May 24 14:49:42 MDT 2019
| Date         : Mon Aug 17 11:59:05 2020
| Host         : shahul-PC running 64-bit Service Pack 1  (build 7601)
| Command      : report_methodology -file Top_Range_Sensor_methodology_drc_routed.rpt -pb Top_Range_Sensor_methodology_drc_routed.pb -rpx Top_Range_Sensor_methodology_drc_routed.rpx
| Design       : Top_Range_Sensor
| Device       : xc7z020clg400-1
| Speed File   : -1
| Design State : Fully Routed
--------------------------------------------------------------------------------------------------------------------------------------------------------------------------------------

Report Methodology

Table of Contents
-----------------
1. REPORT SUMMARY
2. REPORT DETAILS

1. REPORT SUMMARY
-----------------
            Netlist: netlist
          Floorplan: design_1
      Design limits: <entire design considered>
             Max violations: <unlimited>
             Violations found: 77
+-----------+------------------+------------------------------+------------+
| Rule      | Severity         | Description                  | Violations |
+-----------+------------------+------------------------------+------------+
| TIMING-17 | Critical Warning | Non-clocked sequential cell  | 66         |
| LUTAR-1   | Warning          | LUT drives async reset alert | 2          |
| TIMING-20 | Warning          | Non-clocked latch            | 9          |
+-----------+------------------+------------------------------+------------+

2. REPORT DETAILS
-----------------
TIMING-17#1 Critical Warning
Non-clocked sequential cell  
The clock pin display/Counter_display/count_reg[0]/C is not reached by a timing clock
Related violations: <none>

TIMING-17#2 Critical Warning
Non-clocked sequential cell  
The clock pin display/Counter_display/count_reg[10]/C is not reached by a timing clock
Related violations: <none>

TIMING-17#3 Critical Warning
Non-clocked sequential cell  
The clock pin display/Counter_display/count_reg[11]/C is not reached by a timing clock
Related violations: <none>

TIMING-17#4 Critical Warning
Non-clocked sequential cell  
The clock pin display/Counter_display/count_reg[12]/C is not reached by a timing clock
Related violations: <none>

TIMING-17#5 Critical Warning
Non-clocked sequential cell  
The clock pin display/Counter_display/count_reg[13]/C is not reached by a timing clock
Related violations: <none>

TIMING-17#6 Critical Warning
Non-clocked sequential cell  
The clock pin display/Counter_display/count_reg[14]/C is not reached by a timing clock
Related violations: <none>

TIMING-17#7 Critical Warning
Non-clocked sequential cell  
The clock pin display/Counter_display/count_reg[15]/C is not reached by a timing clock
Related violations: <none>

TIMING-17#8 Critical Warning
Non-clocked sequential cell  
The clock pin display/Counter_display/count_reg[16]/C is not reached by a timing clock
Related violations: <none>

TIMING-17#9 Critical Warning
Non-clocked sequential cell  
The clock pin display/Counter_display/count_reg[17]/C is not reached by a timing clock
Related violations: <none>

TIMING-17#10 Critical Warning
Non-clocked sequential cell  
The clock pin display/Counter_display/count_reg[18]/C is not reached by a timing clock
Related violations: <none>

TIMING-17#11 Critical Warning
Non-clocked sequential cell  
The clock pin display/Counter_display/count_reg[19]/C is not reached by a timing clock
Related violations: <none>

TIMING-17#12 Critical Warning
Non-clocked sequential cell  
The clock pin display/Counter_display/count_reg[1]/C is not reached by a timing clock
Related violations: <none>

TIMING-17#13 Critical Warning
Non-clocked sequential cell  
The clock pin display/Counter_display/count_reg[2]/C is not reached by a timing clock
Related violations: <none>

TIMING-17#14 Critical Warning
Non-clocked sequential cell  
The clock pin display/Counter_display/count_reg[3]/C is not reached by a timing clock
Related violations: <none>

TIMING-17#15 Critical Warning
Non-clocked sequential cell  
The clock pin display/Counter_display/count_reg[4]/C is not reached by a timing clock
Related violations: <none>

TIMING-17#16 Critical Warning
Non-clocked sequential cell  
The clock pin display/Counter_display/count_reg[5]/C is not reached by a timing clock
Related violations: <none>

TIMING-17#17 Critical Warning
Non-clocked sequential cell  
The clock pin display/Counter_display/count_reg[6]/C is not reached by a timing clock
Related violations: <none>

TIMING-17#18 Critical Warning
Non-clocked sequential cell  
The clock pin display/Counter_display/count_reg[7]/C is not reached by a timing clock
Related violations: <none>

TIMING-17#19 Critical Warning
Non-clocked sequential cell  
The clock pin display/Counter_display/count_reg[8]/C is not reached by a timing clock
Related violations: <none>

TIMING-17#20 Critical Warning
Non-clocked sequential cell  
The clock pin display/Counter_display/count_reg[9]/C is not reached by a timing clock
Related violations: <none>

TIMING-17#21 Critical Warning
Non-clocked sequential cell  
The clock pin range_sens/dist/Counter_pulse/count_reg[0]/C is not reached by a timing clock
Related violations: <none>

TIMING-17#22 Critical Warning
Non-clocked sequential cell  
The clock pin range_sens/dist/Counter_pulse/count_reg[10]/C is not reached by a timing clock
Related violations: <none>

TIMING-17#23 Critical Warning
Non-clocked sequential cell  
The clock pin range_sens/dist/Counter_pulse/count_reg[11]/C is not reached by a timing clock
Related violations: <none>

TIMING-17#24 Critical Warning
Non-clocked sequential cell  
The clock pin range_sens/dist/Counter_pulse/count_reg[12]/C is not reached by a timing clock
Related violations: <none>

TIMING-17#25 Critical Warning
Non-clocked sequential cell  
The clock pin range_sens/dist/Counter_pulse/count_reg[13]/C is not reached by a timing clock
Related violations: <none>

TIMING-17#26 Critical Warning
Non-clocked sequential cell  
The clock pin range_sens/dist/Counter_pulse/count_reg[14]/C is not reached by a timing clock
Related violations: <none>

TIMING-17#27 Critical Warning
Non-clocked sequential cell  
The clock pin range_sens/dist/Counter_pulse/count_reg[15]/C is not reached by a timing clock
Related violations: <none>

TIMING-17#28 Critical Warning
Non-clocked sequential cell  
The clock pin range_sens/dist/Counter_pulse/count_reg[16]/C is not reached by a timing clock
Related violations: <none>

TIMING-17#29 Critical Warning
Non-clocked sequential cell  
The clock pin range_sens/dist/Counter_pulse/count_reg[17]/C is not reached by a timing clock
Related violations: <none>

TIMING-17#30 Critical Warning
Non-clocked sequential cell  
The clock pin range_sens/dist/Counter_pulse/count_reg[18]/C is not reached by a timing clock
Related violations: <none>

TIMING-17#31 Critical Warning
Non-clocked sequential cell  
The clock pin range_sens/dist/Counter_pulse/count_reg[19]/C is not reached by a timing clock
Related violations: <none>

TIMING-17#32 Critical Warning
Non-clocked sequential cell  
The clock pin range_sens/dist/Counter_pulse/count_reg[1]/C is not reached by a timing clock
Related violations: <none>

TIMING-17#33 Critical Warning
Non-clocked sequential cell  
The clock pin range_sens/dist/Counter_pulse/count_reg[20]/C is not reached by a timing clock
Related violations: <none>

TIMING-17#34 Critical Warning
Non-clocked sequential cell  
The clock pin range_sens/dist/Counter_pulse/count_reg[21]/C is not reached by a timing clock
Related violations: <none>

TIMING-17#35 Critical Warning
Non-clocked sequential cell  
The clock pin range_sens/dist/Counter_pulse/count_reg[2]/C is not reached by a timing clock
Related violations: <none>

TIMING-17#36 Critical Warning
Non-clocked sequential cell  
The clock pin range_sens/dist/Counter_pulse/count_reg[3]/C is not reached by a timing clock
Related violations: <none>

TIMING-17#37 Critical Warning
Non-clocked sequential cell  
The clock pin range_sens/dist/Counter_pulse/count_reg[4]/C is not reached by a timing clock
Related violations: <none>

TIMING-17#38 Critical Warning
Non-clocked sequential cell  
The clock pin range_sens/dist/Counter_pulse/count_reg[5]/C is not reached by a timing clock
Related violations: <none>

TIMING-17#39 Critical Warning
Non-clocked sequential cell  
The clock pin range_sens/dist/Counter_pulse/count_reg[6]/C is not reached by a timing clock
Related violations: <none>

TIMING-17#40 Critical Warning
Non-clocked sequential cell  
The clock pin range_sens/dist/Counter_pulse/count_reg[7]/C is not reached by a timing clock
Related violations: <none>

TIMING-17#41 Critical Warning
Non-clocked sequential cell  
The clock pin range_sens/dist/Counter_pulse/count_reg[8]/C is not reached by a timing clock
Related violations: <none>

TIMING-17#42 Critical Warning
Non-clocked sequential cell  
The clock pin range_sens/dist/Counter_pulse/count_reg[9]/C is not reached by a timing clock
Related violations: <none>

TIMING-17#43 Critical Warning
Non-clocked sequential cell  
The clock pin range_sens/trig/trigg/count_reg[0]/C is not reached by a timing clock
Related violations: <none>

TIMING-17#44 Critical Warning
Non-clocked sequential cell  
The clock pin range_sens/trig/trigg/count_reg[10]/C is not reached by a timing clock
Related violations: <none>

TIMING-17#45 Critical Warning
Non-clocked sequential cell  
The clock pin range_sens/trig/trigg/count_reg[11]/C is not reached by a timing clock
Related violations: <none>

TIMING-17#46 Critical Warning
Non-clocked sequential cell  
The clock pin range_sens/trig/trigg/count_reg[12]/C is not reached by a timing clock
Related violations: <none>

TIMING-17#47 Critical Warning
Non-clocked sequential cell  
The clock pin range_sens/trig/trigg/count_reg[13]/C is not reached by a timing clock
Related violations: <none>

TIMING-17#48 Critical Warning
Non-clocked sequential cell  
The clock pin range_sens/trig/trigg/count_reg[14]/C is not reached by a timing clock
Related violations: <none>

TIMING-17#49 Critical Warning
Non-clocked sequential cell  
The clock pin range_sens/trig/trigg/count_reg[15]/C is not reached by a timing clock
Related violations: <none>

TIMING-17#50 Critical Warning
Non-clocked sequential cell  
The clock pin range_sens/trig/trigg/count_reg[16]/C is not reached by a timing clock
Related violations: <none>

TIMING-17#51 Critical Warning
Non-clocked sequential cell  
The clock pin range_sens/trig/trigg/count_reg[17]/C is not reached by a timing clock
Related violations: <none>

TIMING-17#52 Critical Warning
Non-clocked sequential cell  
The clock pin range_sens/trig/trigg/count_reg[18]/C is not reached by a timing clock
Related violations: <none>

TIMING-17#53 Critical Warning
Non-clocked sequential cell  
The clock pin range_sens/trig/trigg/count_reg[19]/C is not reached by a timing clock
Related violations: <none>

TIMING-17#54 Critical Warning
Non-clocked sequential cell  
The clock pin range_sens/trig/trigg/count_reg[1]/C is not reached by a timing clock
Related violations: <none>

TIMING-17#55 Critical Warning
Non-clocked sequential cell  
The clock pin range_sens/trig/trigg/count_reg[20]/C is not reached by a timing clock
Related violations: <none>

TIMING-17#56 Critical Warning
Non-clocked sequential cell  
The clock pin range_sens/trig/trigg/count_reg[21]/C is not reached by a timing clock
Related violations: <none>

TIMING-17#57 Critical Warning
Non-clocked sequential cell  
The clock pin range_sens/trig/trigg/count_reg[22]/C is not reached by a timing clock
Related violations: <none>

TIMING-17#58 Critical Warning
Non-clocked sequential cell  
The clock pin range_sens/trig/trigg/count_reg[23]/C is not reached by a timing clock
Related violations: <none>

TIMING-17#59 Critical Warning
Non-clocked sequential cell  
The clock pin range_sens/trig/trigg/count_reg[2]/C is not reached by a timing clock
Related violations: <none>

TIMING-17#60 Critical Warning
Non-clocked sequential cell  
The clock pin range_sens/trig/trigg/count_reg[3]/C is not reached by a timing clock
Related violations: <none>

TIMING-17#61 Critical Warning
Non-clocked sequential cell  
The clock pin range_sens/trig/trigg/count_reg[4]/C is not reached by a timing clock
Related violations: <none>

TIMING-17#62 Critical Warning
Non-clocked sequential cell  
The clock pin range_sens/trig/trigg/count_reg[5]/C is not reached by a timing clock
Related violations: <none>

TIMING-17#63 Critical Warning
Non-clocked sequential cell  
The clock pin range_sens/trig/trigg/count_reg[6]/C is not reached by a timing clock
Related violations: <none>

TIMING-17#64 Critical Warning
Non-clocked sequential cell  
The clock pin range_sens/trig/trigg/count_reg[7]/C is not reached by a timing clock
Related violations: <none>

TIMING-17#65 Critical Warning
Non-clocked sequential cell  
The clock pin range_sens/trig/trigg/count_reg[8]/C is not reached by a timing clock
Related violations: <none>

TIMING-17#66 Critical Warning
Non-clocked sequential cell  
The clock pin range_sens/trig/trigg/count_reg[9]/C is not reached by a timing clock
Related violations: <none>

LUTAR-1#1 Warning
LUT drives async reset alert  
LUT cell range_sens/trig/trigg/count[0]_i_2, with 2 or more inputs, drives asynchronous preset/clear pin(s) range_sens/trig/trigg/count_reg[0]/CLR, range_sens/trig/trigg/count_reg[10]/CLR, range_sens/trig/trigg/count_reg[11]/CLR, range_sens/trig/trigg/count_reg[12]/CLR, range_sens/trig/trigg/count_reg[13]/CLR, range_sens/trig/trigg/count_reg[14]/CLR, range_sens/trig/trigg/count_reg[15]/CLR, range_sens/trig/trigg/count_reg[16]/CLR, range_sens/trig/trigg/count_reg[17]/CLR, range_sens/trig/trigg/count_reg[18]/CLR, range_sens/trig/trigg/count_reg[19]/CLR, range_sens/trig/trigg/count_reg[1]/CLR, range_sens/trig/trigg/count_reg[20]/CLR, range_sens/trig/trigg/count_reg[21]/CLR, range_sens/trig/trigg/count_reg[22]/CLR (the first 15 of 24 listed). The LUT may glitch and trigger an unexpected reset, even if it is a properly timed path.
Related violations: <none>

LUTAR-1#2 Warning
LUT drives async reset alert  
LUT cell range_sens/trig/trigg/trigger_pin_OBUF_inst_i_1, with 2 or more inputs, drives asynchronous preset/clear pin(s) range_sens/dist/Counter_pulse/count_reg[0]/CLR, range_sens/dist/Counter_pulse/count_reg[10]/CLR, range_sens/dist/Counter_pulse/count_reg[11]/CLR, range_sens/dist/Counter_pulse/count_reg[12]/CLR, range_sens/dist/Counter_pulse/count_reg[13]/CLR, range_sens/dist/Counter_pulse/count_reg[14]/CLR, range_sens/dist/Counter_pulse/count_reg[15]/CLR, range_sens/dist/Counter_pulse/count_reg[16]/CLR, range_sens/dist/Counter_pulse/count_reg[17]/CLR, range_sens/dist/Counter_pulse/count_reg[18]/CLR, range_sens/dist/Counter_pulse/count_reg[19]/CLR, range_sens/dist/Counter_pulse/count_reg[1]/CLR, range_sens/dist/Counter_pulse/count_reg[20]/CLR, range_sens/dist/Counter_pulse/count_reg[21]/CLR, range_sens/dist/Counter_pulse/count_reg[2]/CLR (the first 15 of 22 listed). The LUT may glitch and trigger an unexpected reset, even if it is a properly timed path.
Related violations: <none>

TIMING-20#1 Warning
Non-clocked latch  
The latch range_sens/dist/Distance_reg[0] cannot be properly analyzed as its control pin range_sens/dist/Distance_reg[0]/G is not reached by a timing clock
Related violations: <none>

TIMING-20#2 Warning
Non-clocked latch  
The latch range_sens/dist/Distance_reg[1] cannot be properly analyzed as its control pin range_sens/dist/Distance_reg[1]/G is not reached by a timing clock
Related violations: <none>

TIMING-20#3 Warning
Non-clocked latch  
The latch range_sens/dist/Distance_reg[2] cannot be properly analyzed as its control pin range_sens/dist/Distance_reg[2]/G is not reached by a timing clock
Related violations: <none>

TIMING-20#4 Warning
Non-clocked latch  
The latch range_sens/dist/Distance_reg[3] cannot be properly analyzed as its control pin range_sens/dist/Distance_reg[3]/G is not reached by a timing clock
Related violations: <none>

TIMING-20#5 Warning
Non-clocked latch  
The latch range_sens/dist/Distance_reg[4] cannot be properly analyzed as its control pin range_sens/dist/Distance_reg[4]/G is not reached by a timing clock
Related violations: <none>

TIMING-20#6 Warning
Non-clocked latch  
The latch range_sens/dist/Distance_reg[5] cannot be properly analyzed as its control pin range_sens/dist/Distance_reg[5]/G is not reached by a timing clock
Related violations: <none>

TIMING-20#7 Warning
Non-clocked latch  
The latch range_sens/dist/Distance_reg[6] cannot be properly analyzed as its control pin range_sens/dist/Distance_reg[6]/G is not reached by a timing clock
Related violations: <none>

TIMING-20#8 Warning
Non-clocked latch  
The latch range_sens/dist/Distance_reg[7] cannot be properly analyzed as its control pin range_sens/dist/Distance_reg[7]/G is not reached by a timing clock
Related violations: <none>

TIMING-20#9 Warning
Non-clocked latch  
The latch range_sens/dist/Distance_reg[8] cannot be properly analyzed as its control pin range_sens/dist/Distance_reg[8]/G is not reached by a timing clock
Related violations: <none>


