#-----------------------------------------------------------
# Vivado v2019.2 (64-bit)
# SW Build 2708876 on Wed Nov  6 21:40:23 MST 2019
# IP Build 2700528 on Thu Nov  7 00:09:20 MST 2019
# Start of session at: Wed Aug 14 15:00:59 2024
# Process ID: 420
# Current directory: C:/Users/jsait/Desktop/EDGE ZNYQ/EDGE Motor Drive Addon/Zynq_Z20_Motor_codes/DC_Motor
# Command line: vivado.exe -gui_launcher_event rodinguilauncherevent15628 C:\Users\jsait\Desktop\EDGE ZNYQ\EDGE Motor Drive Addon\Zynq_Z20_Motor_codes\DC_Motor\DC_Motor.xpr
# Log file: C:/Users/jsait/Desktop/EDGE ZNYQ/EDGE Motor Drive Addon/Zynq_Z20_Motor_codes/DC_Motor/vivado.log
# Journal file: C:/Users/jsait/Desktop/EDGE ZNYQ/EDGE Motor Drive Addon/Zynq_Z20_Motor_codes/DC_Motor\vivado.jou
#-----------------------------------------------------------
start_gui
exit
INFO: [Common 17-206] Exiting Vivado at Wed Aug 14 15:05:02 2024...
ynq_Z20_Motor_codes/DC_Motor/DC_Motor.xpr}
INFO: [ProjectBase 1-489] The host OS only allows 260 characters in a normal path. The project is stored in a path with more than 80 characters. If you experience issues with IP, Block Designs, or files not being found, please consider moving the project to a location with a shorter path. Alternately consider using the OS subst command to map part of the path to a drive letter.
Current project path is 'C:/Users/jsait/Desktop/EDGE ZNYQ/EDGE Motor Drive Addon/Zynq_Z20_Motor_codes/DC_Motor'
INFO: [Project 1-313] Project file moved from 'D:/project_codes/motor_addon/Z20/DC_Motor' since last save.
Scanning sources...
Finished scanning sources
INFO: [Project 1-230] Project 'DC_Motor.xpr' upgraded for this version of Vivado.
INFO: [IP_Flow 19-234] Refreshing IP repositories
INFO: [IP_Flow 19-1704] No user IP repositories specified
INFO: [IP_Flow 19-2313] Loaded Vivado IP repository 'C:/Users/jsait/Desktop/Vivado/2019.2/data/ip'.
update_compile_order -fileset sources_1
reset_run impl_1
launch_runs impl_1 -jobs 8
[Wed Aug 14 15:03:12 2024] Launched impl_1...
Run output will be captured here: C:/Users/jsait/Desktop/EDGE ZNYQ/EDGE Motor Drive Addon/Zynq_Z20_Motor_codes/DC_Motor/DC_Motor.runs/impl_1/runme.log
launch_runs impl_1 -to_step write_bitstream -jobs 8
[Wed Aug 14 15:04:09 2024] Launched impl_1...
Run output will be captured here: C:/Users/jsait/Desktop/EDGE ZNYQ/EDGE Motor Drive Addon/Zynq_Z20_Motor_codes/DC_Motor/DC_Motor.runs/impl_1/runme.log
reset_run impl_1
exit
INFO: [Common 17-206] Exiting Vivado at Wed Aug 14 15:04:52 2024...
